# JRE version: Java(TM) SE Runtime Environment (8.0_181-b13) (build 1.8.0_181-b13)
# Java VM: Java HotSpot(TM) 64-Bit Server VM (25.181-b13 mixed mode linux-amd64 compressed oops)
Heap:
 PSYoungGen      total 255488K, used 17436K [0x00000000d7f80000, 0x00000000f1700000, 0x0000000100000000)
  eden space 249856K, 6% used [0x00000000d7f80000,0x00000000d9087258,0x00000000e7380000)
  from space 5632K, 0% used [0x00000000e7380000,0x00000000e7380000,0x00000000e7900000)
  to   space 8704K, 0% used [0x00000000f0e80000,0x00000000f0e80000,0x00000000f1700000)
 ParOldGen       total 55296K, used 14100K [0x0000000087e00000, 0x000000008b400000, 0x00000000d7f80000)
  object space 55296K, 25% used [0x0000000087e00000,0x0000000088bc53f8,0x000000008b400000)
 Metaspace       used 22103K, capacity 22442K, committed 22784K, reserved 1069056K
  class space    used 2842K, capacity 2951K, committed 3072K, reserved 1048576K
GC Heap History (10 events):
Event: 2.401 GC heap before
{Heap before GC invocations=6 (full 0):
 PSYoungGen      total 67584K, used 66275K [0x00000000d7f80000, 0x00000000e0480000, 0x0000000100000000)
  eden space 62464K, 100% used [0x00000000d7f80000,0x00000000dbc80000,0x00000000dbc80000)
  from space 5120K, 74% used [0x00000000dbc80000,0x00000000dc038d88,0x00000000dc180000)
  to   space 5632K, 0% used [0x00000000dff00000,0x00000000dff00000,0x00000000e0480000)
 ParOldGen       total 83456K, used 159K [0x0000000087e00000, 0x000000008cf80000, 0x00000000d7f80000)
  object space 83456K, 0% used [0x0000000087e00000,0x0000000087e27e88,0x000000008cf80000)
 Metaspace       used 12167K, capacity 12364K, committed 12416K, reserved 1060864K
  class space    used 1311K, capacity 1388K, committed 1408K, reserved 1048576K
Event: 2.416 GC heap after
Heap after GC invocations=6 (full 0):
 PSYoungGen      total 130560K, used 4547K [0x00000000d7f80000, 0x00000000e0480000, 0x0000000100000000)
  eden space 124928K, 0% used [0x00000000d7f80000,0x00000000d7f80000,0x00000000df980000)
  from space 5632K, 80% used [0x00000000dff00000,0x00000000e0370d88,0x00000000e0480000)
  to   space 5632K, 0% used [0x00000000df980000,0x00000000df980000,0x00000000dff00000)
 ParOldGen       total 83456K, used 159K [0x0000000087e00000, 0x000000008cf80000, 0x00000000d7f80000)
  object space 83456K, 0% used [0x0000000087e00000,0x0000000087e27e88,0x000000008cf80000)
 Metaspace       used 12167K, capacity 12364K, committed 12416K, reserved 1060864K
  class space    used 1311K, capacity 1388K, committed 1408K, reserved 1048576K
}
Event: 2.561 GC heap before
{Heap before GC invocations=7 (full 0):
 PSYoungGen      total 130560K, used 129475K [0x00000000d7f80000, 0x00000000e0480000, 0x0000000100000000)
  eden space 124928K, 100% used [0x00000000d7f80000,0x00000000df980000,0x00000000df980000)
  from space 5632K, 80% used [0x00000000dff00000,0x00000000e0370d88,0x00000000e0480000)
  to   space 5632K, 0% used [0x00000000df980000,0x00000000df980000,0x00000000dff00000)
 ParOldGen       total 83456K, used 159K [0x0000000087e00000, 0x000000008cf80000, 0x00000000d7f80000)
  object space 83456K, 0% used [0x0000000087e00000,0x0000000087e27e88,0x000000008cf80000)
 Metaspace       used 12420K, capacity 12652K, committed 12800K, reserved 1060864K
  class space    used 1322K, capacity 1420K, committed 1536K, reserved 1048576K
Event: 2.567 GC heap after
Heap after GC invocations=7 (full 0):
 PSYoungGen      total 130560K, used 3264K [0x00000000d7f80000, 0x00000000e7e80000, 0x0000000100000000)
  eden space 124928K, 0% used [0x00000000d7f80000,0x00000000d7f80000,0x00000000df980000)
  from space 5632K, 57% used [0x00000000df980000,0x00000000dfcb0000,0x00000000dff00000)
  to   space 5632K, 0% used [0x00000000e7900000,0x00000000e7900000,0x00000000e7e80000)
 ParOldGen       total 83456K, used 2292K [0x0000000087e00000, 0x000000008cf80000, 0x00000000d7f80000)
  object space 83456K, 2% used [0x0000000087e00000,0x000000008803d0e8,0x000000008cf80000)
 Metaspace       used 12420K, capacity 12652K, committed 12800K, reserved 1060864K
  class space    used 1322K, capacity 1420K, committed 1536K, reserved 1048576K
}
Event: 2.821 GC heap before
{Heap before GC invocations=8 (full 0):
 PSYoungGen      total 130560K, used 128192K [0x00000000d7f80000, 0x00000000e7e80000, 0x0000000100000000)
  eden space 124928K, 100% used [0x00000000d7f80000,0x00000000df980000,0x00000000df980000)
  from space 5632K, 57% used [0x00000000df980000,0x00000000dfcb0000,0x00000000dff00000)
  to   space 5632K, 0% used [0x00000000e7900000,0x00000000e7900000,0x00000000e7e80000)
 ParOldGen       total 83456K, used 2292K [0x0000000087e00000, 0x000000008cf80000, 0x00000000d7f80000)
  object space 83456K, 2% used [0x0000000087e00000,0x000000008803d0e8,0x000000008cf80000)
 Metaspace       used 13644K, capacity 13808K, committed 13952K, reserved 1060864K
  class space    used 1471K, capacity 1548K, committed 1664K, reserved 1048576K
Event: 2.827 GC heap after
Heap after GC invocations=8 (full 0):
 PSYoungGen      total 255488K, used 4318K [0x00000000d7f80000, 0x00000000e7e80000, 0x0000000100000000)
  eden space 249856K, 0% used [0x00000000d7f80000,0x00000000d7f80000,0x00000000e7380000)
  from space 5632K, 76% used [0x00000000e7900000,0x00000000e7d37930,0x00000000e7e80000)
  to   space 5632K, 0% used [0x00000000e7380000,0x00000000e7380000,0x00000000e7900000)
 ParOldGen       total 83456K, used 3196K [0x0000000087e00000, 0x000000008cf80000, 0x00000000d7f80000)
  object space 83456K, 3% used [0x0000000087e00000,0x000000008811f0e8,0x000000008cf80000)
 Metaspace       used 13644K, capacity 13808K, committed 13952K, reserved 1060864K
  class space    used 1471K, capacity 1548K, committed 1664K, reserved 1048576K
}
Event: 5.863 GC heap before
{Heap before GC invocations=9 (full 0):
 PSYoungGen      total 255488K, used 79223K [0x00000000d7f80000, 0x00000000e7e80000, 0x0000000100000000)
  eden space 249856K, 29% used [0x00000000d7f80000,0x00000000dc8a6410,0x00000000e7380000)
  from space 5632K, 76% used [0x00000000e7900000,0x00000000e7d37930,0x00000000e7e80000)
  to   space 5632K, 0% used [0x00000000e7380000,0x00000000e7380000,0x00000000e7900000)
 ParOldGen       total 83456K, used 3196K [0x0000000087e00000, 0x000000008cf80000, 0x00000000d7f80000)
  object space 83456K, 3% used [0x0000000087e00000,0x000000008811f0e8,0x000000008cf80000)
 Metaspace       used 20857K, capacity 21138K, committed 21248K, reserved 1067008K
  class space    used 2652K, capacity 2755K, committed 2816K, reserved 1048576K
Event: 5.871 GC heap after
Heap after GC invocations=9 (full 0):
 PSYoungGen      total 255488K, used 5622K [0x00000000d7f80000, 0x00000000f1700000, 0x0000000100000000)
  eden space 249856K, 0% used [0x00000000d7f80000,0x00000000d7f80000,0x00000000e7380000)
  from space 5632K, 99% used [0x00000000e7380000,0x00000000e78fdb70,0x00000000e7900000)
  to   space 8704K, 0% used [0x00000000f0e80000,0x00000000f0e80000,0x00000000f1700000)
 ParOldGen       total 83456K, used 9219K [0x0000000087e00000, 0x000000008cf80000, 0x00000000d7f80000)
  object space 83456K, 11% used [0x0000000087e00000,0x0000000088700c50,0x000000008cf80000)
 Metaspace       used 20857K, capacity 21138K, committed 21248K, reserved 1067008K
  class space    used 2652K, capacity 2755K, committed 2816K, reserved 1048576K
}
Event: 5.871 GC heap before
{Heap before GC invocations=10 (full 1):
 PSYoungGen      total 255488K, used 5622K [0x00000000d7f80000, 0x00000000f1700000, 0x0000000100000000)
  eden space 249856K, 0% used [0x00000000d7f80000,0x00000000d7f80000,0x00000000e7380000)
  from space 5632K, 99% used [0x00000000e7380000,0x00000000e78fdb70,0x00000000e7900000)
  to   space 8704K, 0% used [0x00000000f0e80000,0x00000000f0e80000,0x00000000f1700000)
 ParOldGen       total 83456K, used 9219K [0x0000000087e00000, 0x000000008cf80000, 0x00000000d7f80000)
  object space 83456K, 11% used [0x0000000087e00000,0x0000000088700c50,0x000000008cf80000)
 Metaspace       used 20857K, capacity 21138K, committed 21248K, reserved 1067008K
  class space    used 2652K, capacity 2755K, committed 2816K, reserved 1048576K
Event: 5.923 GC heap after
Heap after GC invocations=10 (full 1):
 PSYoungGen      total 255488K, used 0K [0x00000000d7f80000, 0x00000000f1700000, 0x0000000100000000)
  eden space 249856K, 0% used [0x00000000d7f80000,0x00000000d7f80000,0x00000000e7380000)
  from space 5632K, 0% used [0x00000000e7380000,0x00000000e7380000,0x00000000e7900000)
  to   space 8704K, 0% used [0x00000000f0e80000,0x00000000f0e80000,0x00000000f1700000)
 ParOldGen       total 55296K, used 14100K [0x0000000087e00000, 0x000000008b400000, 0x00000000d7f80000)
  object space 55296K, 25% used [0x0000000087e00000,0x0000000088bc53f8,0x000000008b400000)
 Metaspace       used 20857K, capacity 21138K, committed 21248K, reserved 1067008K
  class space    used 2652K, capacity 2755K, committed 2816K, reserved 1048576K
}

